Build started 3/9/2013 5:26:41 PM.
     1>Project "E:\Dev Folder\ProgrammerKeyboard\programmer-s-keyboard\trunk\ProgrammersKeyboardSolution\ProgrammersKeyboardSolution\ProgrammersKeyboardSolution.vcxproj" on node 3 (rebuild target(s)).
     1>_PrepareForClean:
         Deleting file "Debug\ProgrammersKeyboardSolution.lastbuildstate".
       InitializeBuildStatus:
         Creating "Debug\ProgrammersKeyboardSolution.unsuccessfulbuild" because "AlwaysCreate" was specified.
       ClCompile:
         C:\Program Files (x86)\Microsoft Visual Studio 10.0\VC\bin\CL.exe /c /ZI /nologo /W3 /WX- /Od /Oy- /D WIN32 /D _DEBUG /D _WINDOWS /D _UNICODE /D UNICODE /Gm /EHsc /RTC1 /MT /GS /fp:precise /Zc:wchar_t /Zc:forScope /Fo"Debug\\" /Fd"Debug\vc100.pdb" /Gd /TP /analyze- /errorReport:prompt Source\ProgrammersKeyboard.cpp Source\stdafx.cpp
         stdafx.cpp
         ProgrammersKeyboard.cpp
         Generating Code...
       ResourceCompile:
         C:\Program Files (x86)\Microsoft SDKs\Windows\v7.0A\bin\rc.exe /D _UNICODE /D UNICODE /l"0x0409" /nologo /fo"Debug\resources.res" Resources\resources.rc 
       ManifestResourceCompile:
         C:\Program Files (x86)\Microsoft SDKs\Windows\v7.0A\bin\rc.exe /nologo /fo"Debug\ProgrammersKeyboardSolution.exe.embed.manifest.res" Debug\ProgrammersKeyboardSolution_manifest.rc 
       Link:
         C:\Program Files (x86)\Microsoft Visual Studio 10.0\VC\bin\link.exe /ERRORREPORT:PROMPT /OUT:"E:\Dev Folder\ProgrammerKeyboard\programmer-s-keyboard\trunk\ProgrammersKeyboardSolution\Debug\ProgrammersKeyboardSolution.exe" /INCREMENTAL /NOLOGO comctl32.lib kernel32.lib user32.lib gdi32.lib winspool.lib comdlg32.lib advapi32.lib shell32.lib ole32.lib oleaut32.lib uuid.lib odbc32.lib odbccp32.lib /MANIFEST /ManifestFile:"Debug\ProgrammersKeyboardSolution.exe.intermediate.manifest" /MANIFESTUAC:"level='asInvoker' uiAccess='false'" /DEBUG /PDB:"E:\Dev Folder\ProgrammerKeyboard\programmer-s-keyboard\trunk\ProgrammersKeyboardSolution\Debug\ProgrammersKeyboardSolution.pdb" /SUBSYSTEM:WINDOWS /TLBID:1 /DYNAMICBASE /NXCOMPAT /IMPLIB:"E:\Dev Folder\ProgrammerKeyboard\programmer-s-keyboard\trunk\ProgrammersKeyboardSolution\Debug\ProgrammersKeyboardSolution.lib" /MACHINE:X86 Debug\resources.res
         Debug\ProgrammersKeyboardSolution.exe.embed.manifest.res
         Debug\ProgrammersKeyboard.obj
         Debug\stdafx.obj
       Manifest:
         Deleting file "Debug\ProgrammersKeyboardSolution.exe.embed.manifest".
         C:\Program Files (x86)\Microsoft SDKs\Windows\v7.0A\bin\mt.exe /nologo /verbose /out:"Debug\ProgrammersKeyboardSolution.exe.embed.manifest" /manifest Debug\ProgrammersKeyboardSolution.exe.intermediate.manifest
         C:\Program Files (x86)\Microsoft SDKs\Windows\v7.0A\bin\rc.exe /nologo /fo"Debug\ProgrammersKeyboardSolution.exe.embed.manifest.res" Debug\ProgrammersKeyboardSolution_manifest.rc 
       LinkEmbedManifest:
         C:\Program Files (x86)\Microsoft Visual Studio 10.0\VC\bin\link.exe /ERRORREPORT:PROMPT /OUT:"E:\Dev Folder\ProgrammerKeyboard\programmer-s-keyboard\trunk\ProgrammersKeyboardSolution\Debug\ProgrammersKeyboardSolution.exe" /INCREMENTAL /NOLOGO comctl32.lib kernel32.lib user32.lib gdi32.lib winspool.lib comdlg32.lib advapi32.lib shell32.lib ole32.lib oleaut32.lib uuid.lib odbc32.lib odbccp32.lib /MANIFEST /ManifestFile:"Debug\ProgrammersKeyboardSolution.exe.intermediate.manifest" /MANIFESTUAC:"level='asInvoker' uiAccess='false'" /DEBUG /PDB:"E:\Dev Folder\ProgrammerKeyboard\programmer-s-keyboard\trunk\ProgrammersKeyboardSolution\Debug\ProgrammersKeyboardSolution.pdb" /SUBSYSTEM:WINDOWS /TLBID:1 /DYNAMICBASE /NXCOMPAT /IMPLIB:"E:\Dev Folder\ProgrammerKeyboard\programmer-s-keyboard\trunk\ProgrammersKeyboardSolution\Debug\ProgrammersKeyboardSolution.lib" /MACHINE:X86 Debug\resources.res
         Debug\ProgrammersKeyboardSolution.exe.embed.manifest.res
         Debug\ProgrammersKeyboard.obj
         Debug\stdafx.obj
         ProgrammersKeyboardSolution.vcxproj -> E:\Dev Folder\ProgrammerKeyboard\programmer-s-keyboard\trunk\ProgrammersKeyboardSolution\Debug\ProgrammersKeyboardSolution.exe
       FinalizeBuildStatus:
         Deleting file "Debug\ProgrammersKeyboardSolution.unsuccessfulbuild".
         Touching "Debug\ProgrammersKeyboardSolution.lastbuildstate".
     1>Done Building Project "E:\Dev Folder\ProgrammerKeyboard\programmer-s-keyboard\trunk\ProgrammersKeyboardSolution\ProgrammersKeyboardSolution\ProgrammersKeyboardSolution.vcxproj" (rebuild target(s)).

Build succeeded.

Time Elapsed 00:00:05.13
