E:\DEV FOLDER\PROGRAMMERKEYBOARD\PROGRAMMER-S-KEYBOARD\TRUNK\PROGRAMMERSKEYBOARDSOLUTION\DEBUG\PROGRAMMERSKEYBOARDSOLUTION.EXE
E:\DEV FOLDER\PROGRAMMERKEYBOARD\PROGRAMMER-S-KEYBOARD\TRUNK\PROGRAMMERSKEYBOARDSOLUTION\DEBUG\PROGRAMMERSKEYBOARDSOLUTION.ILK
E:\DEV FOLDER\PROGRAMMERKEYBOARD\PROGRAMMER-S-KEYBOARD\TRUNK\PROGRAMMERSKEYBOARDSOLUTION\DEBUG\PROGRAMMERSKEYBOARDSOLUTION.PDB
E:\Dev Folder\ProgrammerKeyboard\programmer-s-keyboard\trunk\ProgrammersKeyboardSolution\ProgrammersKeyboardSolution\Debug\cl.command.1.tlog
E:\Dev Folder\ProgrammerKeyboard\programmer-s-keyboard\trunk\ProgrammersKeyboardSolution\ProgrammersKeyboardSolution\Debug\CL.read.1.tlog
E:\Dev Folder\ProgrammerKeyboard\programmer-s-keyboard\trunk\ProgrammersKeyboardSolution\ProgrammersKeyboardSolution\Debug\CL.write.1.tlog
E:\Dev Folder\ProgrammerKeyboard\programmer-s-keyboard\trunk\ProgrammersKeyboardSolution\ProgrammersKeyboardSolution\Debug\link.command.1.tlog
E:\Dev Folder\ProgrammerKeyboard\programmer-s-keyboard\trunk\ProgrammersKeyboardSolution\ProgrammersKeyboardSolution\Debug\link.read.1.tlog
E:\Dev Folder\ProgrammerKeyboard\programmer-s-keyboard\trunk\ProgrammersKeyboardSolution\ProgrammersKeyboardSolution\Debug\link.write.1.tlog
E:\Dev Folder\ProgrammerKeyboard\programmer-s-keyboard\trunk\ProgrammersKeyboardSolution\ProgrammersKeyboardSolution\Debug\link-cvtres.read.1.tlog
E:\Dev Folder\ProgrammerKeyboard\programmer-s-keyboard\trunk\ProgrammersKeyboardSolution\ProgrammersKeyboardSolution\Debug\link-cvtres.write.1.tlog
E:\Dev Folder\ProgrammerKeyboard\programmer-s-keyboard\trunk\ProgrammersKeyboardSolution\ProgrammersKeyboardSolution\Debug\mt.command.1.tlog
E:\Dev Folder\ProgrammerKeyboard\programmer-s-keyboard\trunk\ProgrammersKeyboardSolution\ProgrammersKeyboardSolution\Debug\mt.read.1.tlog
E:\Dev Folder\ProgrammerKeyboard\programmer-s-keyboard\trunk\ProgrammersKeyboardSolution\ProgrammersKeyboardSolution\Debug\mt.write.1.tlog
E:\DEV FOLDER\PROGRAMMERKEYBOARD\PROGRAMMER-S-KEYBOARD\TRUNK\PROGRAMMERSKEYBOARDSOLUTION\PROGRAMMERSKEYBOARDSOLUTION\DEBUG\PROGRAMMERSKEYBOARD.OBJ
E:\DEV FOLDER\PROGRAMMERKEYBOARD\PROGRAMMER-S-KEYBOARD\TRUNK\PROGRAMMERSKEYBOARDSOLUTION\PROGRAMMERSKEYBOARDSOLUTION\DEBUG\PROGRAMMERSKEYBOARDSOLUTION.EXE.EMBED.MANIFEST
E:\DEV FOLDER\PROGRAMMERKEYBOARD\PROGRAMMER-S-KEYBOARD\TRUNK\PROGRAMMERSKEYBOARDSOLUTION\PROGRAMMERSKEYBOARDSOLUTION\DEBUG\PROGRAMMERSKEYBOARDSOLUTION.EXE.EMBED.MANIFEST.RES
E:\DEV FOLDER\PROGRAMMERKEYBOARD\PROGRAMMER-S-KEYBOARD\TRUNK\PROGRAMMERSKEYBOARDSOLUTION\PROGRAMMERSKEYBOARDSOLUTION\DEBUG\PROGRAMMERSKEYBOARDSOLUTION.EXE.INTERMEDIATE.MANIFEST
E:\Dev Folder\ProgrammerKeyboard\programmer-s-keyboard\trunk\ProgrammersKeyboardSolution\ProgrammersKeyboardSolution\Debug\ProgrammersKeyboardSolution_manifest.rc
E:\Dev Folder\ProgrammerKeyboard\programmer-s-keyboard\trunk\ProgrammersKeyboardSolution\ProgrammersKeyboardSolution\Debug\rc.command.1.tlog
E:\Dev Folder\ProgrammerKeyboard\programmer-s-keyboard\trunk\ProgrammersKeyboardSolution\ProgrammersKeyboardSolution\Debug\rc.read.1.tlog
E:\Dev Folder\ProgrammerKeyboard\programmer-s-keyboard\trunk\ProgrammersKeyboardSolution\ProgrammersKeyboardSolution\Debug\rc.write.1.tlog
E:\DEV FOLDER\PROGRAMMERKEYBOARD\PROGRAMMER-S-KEYBOARD\TRUNK\PROGRAMMERSKEYBOARDSOLUTION\PROGRAMMERSKEYBOARDSOLUTION\DEBUG\RESOURCES.RES
E:\DEV FOLDER\PROGRAMMERKEYBOARD\PROGRAMMER-S-KEYBOARD\TRUNK\PROGRAMMERSKEYBOARDSOLUTION\PROGRAMMERSKEYBOARDSOLUTION\DEBUG\STDAFX.OBJ
E:\Dev Folder\ProgrammerKeyboard\programmer-s-keyboard\trunk\ProgrammersKeyboardSolution\ProgrammersKeyboardSolution\Debug\vc100.idb
E:\DEV FOLDER\PROGRAMMERKEYBOARD\PROGRAMMER-S-KEYBOARD\TRUNK\PROGRAMMERSKEYBOARDSOLUTION\PROGRAMMERSKEYBOARDSOLUTION\DEBUG\VC100.PDB
