Build started 3/9/2013 5:26:34 PM.
     1>Project "E:\Dev Folder\ProgrammerKeyboard\programmer-s-keyboard\trunk\ProgrammersKeyboardSolution\ProgrammersKeyboardSolution\ProgrammersKeyboardSolution.vcxproj" on node 2 (rebuild target(s)).
     1>_PrepareForClean:
         Deleting file "Release\ProgrammersKeyboardSolution.lastbuildstate".
       InitializeBuildStatus:
         Creating "Release\ProgrammersKeyboardSolution.unsuccessfulbuild" because "AlwaysCreate" was specified.
       ClCompile:
         C:\Program Files (x86)\Microsoft Visual Studio 10.0\VC\bin\CL.exe /c /Zi /nologo /W3 /WX- /O2 /Oi /Oy- /GL /D WIN32 /D NDEBUG /D _WINDOWS /D _UNICODE /D UNICODE /Gm- /EHsc /MT /GS /Gy /fp:precise /Zc:wchar_t /Zc:forScope /Fo"Release\\" /Fd"Release\vc100.pdb" /Gd /TP /analyze- /errorReport:prompt Source\ProgrammersKeyboard.cpp Source\stdafx.cpp
         ProgrammersKeyboard.cpp
         stdafx.cpp
       ResourceCompile:
         C:\Program Files (x86)\Microsoft SDKs\Windows\v7.0A\bin\rc.exe /D _UNICODE /D UNICODE /l"0x0409" /nologo /fo"Release\resources.res" Resources\resources.rc 
       Link:
         C:\Program Files (x86)\Microsoft Visual Studio 10.0\VC\bin\link.exe /ERRORREPORT:PROMPT /OUT:"E:\Dev Folder\ProgrammerKeyboard\programmer-s-keyboard\trunk\ProgrammersKeyboardSolution\Release\ProgrammersKeyboardSolution.exe" /INCREMENTAL:NO /NOLOGO comctl32.lib kernel32.lib user32.lib gdi32.lib winspool.lib comdlg32.lib advapi32.lib shell32.lib ole32.lib oleaut32.lib uuid.lib odbc32.lib odbccp32.lib /MANIFEST /ManifestFile:"Release\ProgrammersKeyboardSolution.exe.intermediate.manifest" /MANIFESTUAC:"level='asInvoker' uiAccess='false'" /DEBUG /PDB:"E:\Dev Folder\ProgrammerKeyboard\programmer-s-keyboard\trunk\ProgrammersKeyboardSolution\Release\ProgrammersKeyboardSolution.pdb" /SUBSYSTEM:WINDOWS /OPT:REF /OPT:ICF /LTCG /TLBID:1 /DYNAMICBASE /NXCOMPAT /IMPLIB:"E:\Dev Folder\ProgrammerKeyboard\programmer-s-keyboard\trunk\ProgrammersKeyboardSolution\Release\ProgrammersKeyboardSolution.lib" /MACHINE:X86 Release\resources.res
         Release\ProgrammersKeyboard.obj
         Release\stdafx.obj
         Generating code
         Finished generating code
         ProgrammersKeyboardSolution.vcxproj -> E:\Dev Folder\ProgrammerKeyboard\programmer-s-keyboard\trunk\ProgrammersKeyboardSolution\Release\ProgrammersKeyboardSolution.exe
       Manifest:
         C:\Program Files (x86)\Microsoft SDKs\Windows\v7.0A\bin\mt.exe /nologo /verbose /outputresource:"E:\Dev Folder\ProgrammerKeyboard\programmer-s-keyboard\trunk\ProgrammersKeyboardSolution\Release\ProgrammersKeyboardSolution.exe;#1" /manifest Release\ProgrammersKeyboardSolution.exe.intermediate.manifest
       FinalizeBuildStatus:
         Deleting file "Release\ProgrammersKeyboardSolution.unsuccessfulbuild".
         Touching "Release\ProgrammersKeyboardSolution.lastbuildstate".
     1>Done Building Project "E:\Dev Folder\ProgrammerKeyboard\programmer-s-keyboard\trunk\ProgrammersKeyboardSolution\ProgrammersKeyboardSolution\ProgrammersKeyboardSolution.vcxproj" (rebuild target(s)).

Build succeeded.

Time Elapsed 00:00:07.26
