E:\Dev Folder\ProgrammerKeyboard\programmer-s-keyboard\trunk\ProgrammersKeyboardSolution\ProgrammersKeyboardSolution\Release\cl.command.1.tlog
E:\Dev Folder\ProgrammerKeyboard\programmer-s-keyboard\trunk\ProgrammersKeyboardSolution\ProgrammersKeyboardSolution\Release\CL.read.1.tlog
E:\Dev Folder\ProgrammerKeyboard\programmer-s-keyboard\trunk\ProgrammersKeyboardSolution\ProgrammersKeyboardSolution\Release\CL.write.1.tlog
E:\Dev Folder\ProgrammerKeyboard\programmer-s-keyboard\trunk\ProgrammersKeyboardSolution\ProgrammersKeyboardSolution\Release\link.command.1.tlog
E:\Dev Folder\ProgrammerKeyboard\programmer-s-keyboard\trunk\ProgrammersKeyboardSolution\ProgrammersKeyboardSolution\Release\link.read.1.tlog
E:\Dev Folder\ProgrammerKeyboard\programmer-s-keyboard\trunk\ProgrammersKeyboardSolution\ProgrammersKeyboardSolution\Release\link.write.1.tlog
E:\Dev Folder\ProgrammerKeyboard\programmer-s-keyboard\trunk\ProgrammersKeyboardSolution\ProgrammersKeyboardSolution\Release\link-cvtres.read.1.tlog
E:\Dev Folder\ProgrammerKeyboard\programmer-s-keyboard\trunk\ProgrammersKeyboardSolution\ProgrammersKeyboardSolution\Release\link-cvtres.write.1.tlog
E:\Dev Folder\ProgrammerKeyboard\programmer-s-keyboard\trunk\ProgrammersKeyboardSolution\ProgrammersKeyboardSolution\Release\mt.command.1.tlog
E:\Dev Folder\ProgrammerKeyboard\programmer-s-keyboard\trunk\ProgrammersKeyboardSolution\ProgrammersKeyboardSolution\Release\mt.read.1.tlog
E:\Dev Folder\ProgrammerKeyboard\programmer-s-keyboard\trunk\ProgrammersKeyboardSolution\ProgrammersKeyboardSolution\Release\mt.write.1.tlog
E:\DEV FOLDER\PROGRAMMERKEYBOARD\PROGRAMMER-S-KEYBOARD\TRUNK\PROGRAMMERSKEYBOARDSOLUTION\PROGRAMMERSKEYBOARDSOLUTION\RELEASE\PROGRAMMERSKEYBOARD.OBJ
E:\DEV FOLDER\PROGRAMMERKEYBOARD\PROGRAMMER-S-KEYBOARD\TRUNK\PROGRAMMERSKEYBOARDSOLUTION\PROGRAMMERSKEYBOARDSOLUTION\RELEASE\PROGRAMMERSKEYBOARDSOLUTION.EXE.INTERMEDIATE.MANIFEST
E:\Dev Folder\ProgrammerKeyboard\programmer-s-keyboard\trunk\ProgrammersKeyboardSolution\ProgrammersKeyboardSolution\Release\rc.command.1.tlog
E:\Dev Folder\ProgrammerKeyboard\programmer-s-keyboard\trunk\ProgrammersKeyboardSolution\ProgrammersKeyboardSolution\Release\rc.read.1.tlog
E:\Dev Folder\ProgrammerKeyboard\programmer-s-keyboard\trunk\ProgrammersKeyboardSolution\ProgrammersKeyboardSolution\Release\rc.write.1.tlog
E:\DEV FOLDER\PROGRAMMERKEYBOARD\PROGRAMMER-S-KEYBOARD\TRUNK\PROGRAMMERSKEYBOARDSOLUTION\PROGRAMMERSKEYBOARDSOLUTION\RELEASE\RESOURCES.RES
E:\DEV FOLDER\PROGRAMMERKEYBOARD\PROGRAMMER-S-KEYBOARD\TRUNK\PROGRAMMERSKEYBOARDSOLUTION\PROGRAMMERSKEYBOARDSOLUTION\RELEASE\STDAFX.OBJ
E:\DEV FOLDER\PROGRAMMERKEYBOARD\PROGRAMMER-S-KEYBOARD\TRUNK\PROGRAMMERSKEYBOARDSOLUTION\PROGRAMMERSKEYBOARDSOLUTION\RELEASE\VC100.PDB
E:\DEV FOLDER\PROGRAMMERKEYBOARD\PROGRAMMER-S-KEYBOARD\TRUNK\PROGRAMMERSKEYBOARDSOLUTION\RELEASE\PROGRAMMERSKEYBOARDSOLUTION.EXE
E:\DEV FOLDER\PROGRAMMERKEYBOARD\PROGRAMMER-S-KEYBOARD\TRUNK\PROGRAMMERSKEYBOARDSOLUTION\RELEASE\PROGRAMMERSKEYBOARDSOLUTION.PDB
